<?xml version="1.0" encoding="UTF-8"?>
<testng-results ignored="0" total="1" passed="1" failed="0" skipped="0">
  <reporter-output>
  </reporter-output>
  <suite started-at="2025-01-17T10:36:59 IST" name="Default suite" finished-at="2025-01-17T10:37:02 IST" duration-ms="3164">
    <groups>
    </groups>
    <test started-at="2025-01-17T10:36:59 IST" name="Default test" finished-at="2025-01-17T10:37:02 IST" duration-ms="3164">
      <class name="airlines.AirlineTests">
        <test-method signature="createAirline()[pri:0, instance:airlines.AirlineTests@659499f1]" started-at="2025-01-17T10:36:59 IST" name="createAirline" finished-at="2025-01-17T10:37:02 IST" duration-ms="3106" status="PASS">
          <reporter-output>
          </reporter-output>
        </test-method> <!-- createAirline -->
      </class> <!-- airlines.AirlineTests -->
    </test> <!-- Default test -->
  </suite> <!-- Default suite -->
</testng-results>
