<?xml version="1.0" encoding="UTF-8"?>
<testng-results ignored="0" total="1" passed="1" failed="0" skipped="0">
  <reporter-output>
  </reporter-output>
  <suite started-at="2025-01-30T09:52:02 IST" name="Default suite" finished-at="2025-01-30T09:52:05 IST" duration-ms="2925">
    <groups>
    </groups>
    <test started-at="2025-01-30T09:52:02 IST" name="Default test" finished-at="2025-01-30T09:52:05 IST" duration-ms="2925">
      <class name="GetRequest.createGetRequest">
        <test-method signature="getBooking()[pri:0, instance:GetRequest.createGetRequest@659499f1]" started-at="2025-01-30T09:52:02 IST" name="getBooking" finished-at="2025-01-30T09:52:05 IST" duration-ms="2861" status="PASS">
          <reporter-output>
          </reporter-output>
        </test-method> <!-- getBooking -->
      </class> <!-- GetRequest.createGetRequest -->
    </test> <!-- Default test -->
  </suite> <!-- Default suite -->
</testng-results>
