<?xml version="1.0" encoding="UTF-8"?>
<testng-results ignored="0" total="1" passed="1" failed="0" skipped="0">
  <reporter-output>
  </reporter-output>
  <suite started-at="2025-01-12T19:41:21 IST" name="Default suite" finished-at="2025-01-12T19:41:23 IST" duration-ms="2496">
    <groups>
    </groups>
    <test started-at="2025-01-12T19:41:21 IST" name="Default test" finished-at="2025-01-12T19:41:23 IST" duration-ms="2496">
      <class name="FakeAPIsPractice.JSONSchemaValidation">
        <test-method signature="jsonschemavalidation()[pri:0, instance:FakeAPIsPractice.JSONSchemaValidation@865dd6]" started-at="2025-01-12T19:41:21 IST" name="jsonschemavalidation" finished-at="2025-01-12T19:41:23 IST" duration-ms="2460" status="PASS">
          <reporter-output>
          </reporter-output>
        </test-method> <!-- jsonschemavalidation -->
      </class> <!-- FakeAPIsPractice.JSONSchemaValidation -->
    </test> <!-- Default test -->
  </suite> <!-- Default suite -->
</testng-results>
