<?xml version="1.0" encoding="UTF-8"?>
<testng-results ignored="1" total="3" passed="2" failed="0" skipped="0">
  <reporter-output>
  </reporter-output>
  <suite started-at="2024-01-08T08:01:37 IST" name="Insurance : Aflac" finished-at="2024-01-08T08:01:37 IST" duration-ms="39">
    <groups>
      <group name="Regression Test">
        <method signature="LoginMobileApp.fnVerifyMobileAppLoginBtn()[pri:0, instance:TestNgPackage.LoginMobileApp@3c947bc5]" name="fnVerifyMobileAppLoginBtn" class="TestNgPackage.LoginMobileApp"/>
      </group> <!-- Regression Test -->
    </groups>
    <test started-at="2024-01-08T08:01:37 IST" name="TestOnClassLevel" finished-at="2024-01-08T08:01:37 IST" duration-ms="39">
      <class name="TestNgPackage.LoginMobileApp">
        <test-method signature="fnVerifyMobileAppLoginBtn()[pri:0, instance:TestNgPackage.LoginMobileApp@3c947bc5]" started-at="2024-01-08T08:01:37 IST" name="fnVerifyMobileAppLoginBtn" finished-at="2024-01-08T08:01:37 IST" duration-ms="6" status="PASS">
          <reporter-output>
          </reporter-output>
        </test-method> <!-- fnVerifyMobileAppLoginBtn -->
        <test-method signature="fnVerifyMobileAppTitle()[pri:0, instance:TestNgPackage.LoginMobileApp@3c947bc5]" started-at="2024-01-08T08:01:37 IST" name="fnVerifyMobileAppTitle" finished-at="2024-01-08T08:01:37 IST" duration-ms="0" status="PASS">
          <reporter-output>
          </reporter-output>
        </test-method> <!-- fnVerifyMobileAppTitle -->
      </class> <!-- TestNgPackage.LoginMobileApp -->
    </test> <!-- TestOnClassLevel -->
  </suite> <!-- Insurance : Aflac -->
</testng-results>
