<?xml version="1.0" encoding="UTF-8"?>
<testng-results ignored="0" total="3" passed="3" failed="0" skipped="0">
  <reporter-output>
  </reporter-output>
  <suite started-at="2024-04-10T09:37:11 IST" name="Default suite" finished-at="2024-04-10T09:37:11 IST" duration-ms="60">
    <groups>
      <group name="Regression Test">
        <method signature="LoginDesktopApp.fnVerifyWebAppLoginBtn()[pri:0, instance:TestNgPackage.LoginDesktopApp@15aab8c6]" name="fnVerifyWebAppLoginBtn" class="TestNgPackage.LoginDesktopApp"/>
      </group> <!-- Regression Test -->
      <group name="Sanity">
        <method signature="LoginDesktopApp.fnVerifyDesktopAppTitle()[pri:0, instance:TestNgPackage.LoginDesktopApp@15aab8c6]" name="fnVerifyDesktopAppTitle" class="TestNgPackage.LoginDesktopApp"/>
      </group> <!-- Sanity -->
      <group name="Smoke">
        <method signature="LoginDesktopApp.fnVerifyWebAppName()[pri:0, instance:TestNgPackage.LoginDesktopApp@15aab8c6]" name="fnVerifyWebAppName" class="TestNgPackage.LoginDesktopApp"/>
      </group> <!-- Smoke -->
    </groups>
    <test started-at="2024-04-10T09:37:11 IST" name="Default test" finished-at="2024-04-10T09:37:11 IST" duration-ms="60">
      <class name="TestNgPackage.LoginDesktopApp">
        <test-method signature="fnVerifyDesktopAppTitle()[pri:0, instance:TestNgPackage.LoginDesktopApp@15aab8c6]" started-at="2024-04-10T09:37:11 IST" name="fnVerifyDesktopAppTitle" finished-at="2024-04-10T09:37:11 IST" duration-ms="11" status="PASS">
          <reporter-output>
          </reporter-output>
        </test-method> <!-- fnVerifyDesktopAppTitle -->
        <test-method signature="fnVerifyWebAppLoginBtn()[pri:0, instance:TestNgPackage.LoginDesktopApp@15aab8c6]" started-at="2024-04-10T09:37:11 IST" name="fnVerifyWebAppLoginBtn" finished-at="2024-04-10T09:37:11 IST" duration-ms="2" status="PASS">
          <reporter-output>
          </reporter-output>
        </test-method> <!-- fnVerifyWebAppLoginBtn -->
        <test-method signature="fnVerifyWebAppName()[pri:0, instance:TestNgPackage.LoginDesktopApp@15aab8c6]" started-at="2024-04-10T09:37:11 IST" name="fnVerifyWebAppName" finished-at="2024-04-10T09:37:11 IST" duration-ms="1" status="PASS">
          <reporter-output>
          </reporter-output>
        </test-method> <!-- fnVerifyWebAppName -->
      </class> <!-- TestNgPackage.LoginDesktopApp -->
    </test> <!-- Default test -->
  </suite> <!-- Default suite -->
</testng-results>
