<?xml version="1.0" encoding="UTF-8"?>
<testng-results ignored="0" total="3" passed="3" failed="0" skipped="0">
  <reporter-output>
  </reporter-output>
  <suite started-at="2024-12-08T11:11:36 IST" name="Default suite" finished-at="2024-12-08T11:11:37 IST" duration-ms="614">
    <groups>
    </groups>
    <test started-at="2024-12-08T11:11:36 IST" name="Default test" finished-at="2024-12-08T11:11:37 IST" duration-ms="614">
      <class name="DataProviderExcelIntegration.NNUTest">
        <test-method signature="createCase(java.lang.String,java.lang.String,java.lang.String,java.lang.String)[pri:0, instance:DataProviderExcelIntegration.NNUTest@3e11f9e9]" started-at="2024-12-08T11:11:36 IST" name="createCase" data-provider="TD" finished-at="2024-12-08T11:11:37 IST" duration-ms="8" status="PASS">
          <params>
            <param index="0">
              <value>
                <![CDATA[CreateNNUCase]]>
              </value>
            </param>
            <param index="1">
              <value>
                <![CDATA[Create NNU case and fill all info]]>
              </value>
            </param>
            <param index="2">
              <value>
                <![CDATA[Pui_Manager]]>
              </value>
            </param>
            <param index="3">
              <value>
                <![CDATA[NAS]]>
              </value>
            </param>
          </params>
          <reporter-output>
          </reporter-output>
        </test-method> <!-- createCase -->
        <test-method signature="createCase(java.lang.String,java.lang.String,java.lang.String,java.lang.String)[pri:0, instance:DataProviderExcelIntegration.NNUTest@3e11f9e9]" started-at="2024-12-08T11:11:37 IST" name="createCase" data-provider="TD" finished-at="2024-12-08T11:11:37 IST" duration-ms="2" status="PASS">
          <params>
            <param index="0">
              <value>
                <![CDATA[AddAttachment]]>
              </value>
            </param>
            <param index="1">
              <value>
                <![CDATA[In NNU case add file]]>
              </value>
            </param>
            <param index="2">
              <value>
                <![CDATA[Pui_Manager]]>
              </value>
            </param>
            <param index="3">
              <value>
                <![CDATA[NB]]>
              </value>
            </param>
          </params>
          <reporter-output>
          </reporter-output>
        </test-method> <!-- createCase -->
        <test-method signature="createCase(java.lang.String,java.lang.String,java.lang.String,java.lang.String)[pri:0, instance:DataProviderExcelIntegration.NNUTest@3e11f9e9]" started-at="2024-12-08T11:11:37 IST" name="createCase" data-provider="TD" finished-at="2024-12-08T11:11:37 IST" duration-ms="1" status="PASS">
          <params>
            <param index="0">
              <value>
                <![CDATA[AddNotes]]>
              </value>
            </param>
            <param index="1">
              <value>
                <![CDATA[Add notes in the case]]>
              </value>
            </param>
            <param index="2">
              <value>
                <![CDATA[Pui_Manager]]>
              </value>
            </param>
            <param index="3">
              <value>
                <![CDATA[NAS]]>
              </value>
            </param>
          </params>
          <reporter-output>
          </reporter-output>
        </test-method> <!-- createCase -->
      </class> <!-- DataProviderExcelIntegration.NNUTest -->
    </test> <!-- Default test -->
  </suite> <!-- Default suite -->
</testng-results>
