<?xml version="1.0" encoding="UTF-8"?>
<!-- Generated by org.testng.reporters.JUnitXMLReporter -->
<testsuite ignored="0" hostname="LAP-TZ-0X82240" failures="0" tests="5" name="Test" time="9.33" errors="0" timestamp="2023-08-08T11:43:26 IST">
  <testcase classname="realTimeTestCasesWithListeners.AllTestCases" name="fnClickOnNextBtn" time="0.108"/>
  <testcase classname="realTimeTestCasesWithListeners.AllTestCases" name="fnClickOnTableHeader" time="0.056"/>
  <testcase classname="realTimeTestCasesWithListeners.AllTestCases" name="fnEnterValueInSearchBar" time="0.09"/>
  <testcase classname="realTimeTestCasesWithListeners.AllTestCases" name="fnGetGreenKartText" time="0.031"/>
  <testcase classname="realTimeTestCasesWithListeners.AllTestCases" name="fnGetTitle" time="0.008"/>
</testsuite> <!-- Test -->
