<?xml version="1.0" encoding="UTF-8"?>
<testng-results ignored="0" total="1" passed="1" failed="0" skipped="0">
  <reporter-output>
  </reporter-output>
  <suite started-at="2024-05-18T09:28:31 IST" name="Default suite" finished-at="2024-05-18T09:28:38 IST" duration-ms="7202">
    <groups>
    </groups>
    <test started-at="2024-05-18T09:28:31 IST" name="Default test" finished-at="2024-05-18T09:28:38 IST" duration-ms="7202">
      <class name="Test.EndToEndFlowTest">
        <test-method signature="eCommerceEndToEndAPITest()[pri:0, instance:Test.EndToEndFlowTest@5939a379]" started-at="2024-05-18T09:28:31 IST" name="eCommerceEndToEndAPITest" finished-at="2024-05-18T09:28:38 IST" duration-ms="7125" status="PASS">
          <reporter-output>
          </reporter-output>
        </test-method> <!-- eCommerceEndToEndAPITest -->
      </class> <!-- Test.EndToEndFlowTest -->
    </test> <!-- Default test -->
  </suite> <!-- Default suite -->
</testng-results>
