<?xml version="1.0" encoding="UTF-8"?>
<testng-results ignored="0" total="1" passed="1" failed="0" skipped="0">
  <reporter-output>
  </reporter-output>
  <suite started-at="2023-09-26T15:48:00 IST" name="Default suite" finished-at="2023-09-26T15:48:16 IST" duration-ms="15333">
    <groups>
    </groups>
    <test started-at="2023-09-26T15:48:00 IST" name="Default test" finished-at="2023-09-26T15:48:16 IST" duration-ms="15333">
      <class name="com.coforge.mobileTesting.MobileTesting.virtualDeviceTesting">
        <test-method signature="fnVerifyMobileClock()[pri:0, instance:com.coforge.mobileTesting.MobileTesting.virtualDeviceTesting@19d481b]" started-at="2023-09-26T15:48:00 IST" name="fnVerifyMobileClock" finished-at="2023-09-26T15:48:16 IST" duration-ms="15294" status="PASS">
          <reporter-output>
          </reporter-output>
        </test-method> <!-- fnVerifyMobileClock -->
      </class> <!-- com.coforge.mobileTesting.MobileTesting.virtualDeviceTesting -->
    </test> <!-- Default test -->
  </suite> <!-- Default suite -->
</testng-results>
