<?xml version="1.0" encoding="UTF-8"?>
<testng-results ignored="0" total="1" passed="1" failed="0" skipped="0">
  <reporter-output>
  </reporter-output>
  <suite started-at="2023-08-26T21:45:04 IST" name="Suite" finished-at="2023-08-26T21:45:04 IST" duration-ms="73">
    <groups>
    </groups>
    <test started-at="2023-08-26T21:45:04 IST" name="Test" finished-at="2023-08-26T21:45:04 IST" duration-ms="73">
      <class name="programs.streamsBasics">
        <test-method signature="printNamesStartsWithAJavaStreamsFilter()[pri:0, instance:programs.streamsBasics@606e4010]" started-at="2023-08-26T21:45:04 IST" name="printNamesStartsWithAJavaStreamsFilter" finished-at="2023-08-26T21:45:04 IST" duration-ms="12" status="PASS">
          <reporter-output>
          </reporter-output>
        </test-method> <!-- printNamesStartsWithAJavaStreamsFilter -->
      </class> <!-- programs.streamsBasics -->
    </test> <!-- Test -->
  </suite> <!-- Suite -->
</testng-results>
