<?xml version="1.0" encoding="UTF-8"?>
<!-- Generated by org.testng.reporters.JUnitXMLReporter -->
<testsuite ignored="0" hostname="LAP-TZ-0X82240" failures="0" tests="3" name="Default test" time="0.06" errors="0" timestamp="2024-04-10T09:37:12 IST">
  <testcase classname="TestNgPackage.LoginDesktopApp" name="fnVerifyDesktopAppTitle" time="0.011"/>
  <testcase classname="TestNgPackage.LoginDesktopApp" name="fnVerifyWebAppLoginBtn" time="0.002"/>
  <testcase classname="TestNgPackage.LoginDesktopApp" name="fnVerifyWebAppName" time="0.001"/>
</testsuite> <!-- Default test -->
