<?xml version="1.0" encoding="UTF-8"?>
<testng-results ignored="0" total="1" passed="1" failed="0" skipped="0">
  <reporter-output>
  </reporter-output>
  <suite started-at="2024-04-13T17:13:55 IST" name="Default suite" finished-at="2024-04-13T17:13:57 IST" duration-ms="2058">
    <groups>
    </groups>
    <test started-at="2024-04-13T17:13:55 IST" name="Default test" finished-at="2024-04-13T17:13:57 IST" duration-ms="2058">
      <class name="SumValidationOfCoursesPrice">
        <test-method signature="sumValidation()[pri:0, instance:SumValidationOfCoursesPrice@37858383]" started-at="2024-04-13T17:13:55 IST" name="sumValidation" finished-at="2024-04-13T17:13:57 IST" duration-ms="2002" status="PASS">
          <reporter-output>
          </reporter-output>
        </test-method> <!-- sumValidation -->
      </class> <!-- SumValidationOfCoursesPrice -->
    </test> <!-- Default test -->
  </suite> <!-- Default suite -->
</testng-results>
