<?xml version="1.0" encoding="UTF-8"?>
<!-- Generated by org.testng.reporters.JUnitXMLReporter -->
<testsuite ignored="0" hostname="LAP-TZ-0X82240" failures="0" tests="9" name="TestOnPackageLevel" time="0.068" errors="0" timestamp="2024-01-06T13:52:47 IST">
  <testcase classname="TestNgPackage.LoginDesktopApp" name="fnVerifyDesktopAppTitle" time="0.009"/>
  <testcase classname="TestNgPackage.LoginDesktopApp" name="fnVerifyWebAppLoginBtn" time="0.001"/>
  <testcase classname="TestNgPackage.LoginDesktopApp" name="fnVerifyWebAppName" time="0.001"/>
  <testcase classname="TestNgPackage.LoginMobileApp" name="fnVerifyMobileAppLoginBtn" time="0.002"/>
  <testcase classname="TestNgPackage.LoginMobileApp" name="fnVerifyMobileAppName" time="0.0"/>
  <testcase classname="TestNgPackage.LoginMobileApp" name="fnVerifyMobileAppTitle" time="0.002"/>
  <testcase classname="TestNgPackage.LoginWebApp" name="fnVerifyWebAppLoginBtn" time="0.002"/>
  <testcase classname="TestNgPackage.LoginWebApp" name="fnVerifyWebAppName" time="0.001"/>
  <testcase classname="TestNgPackage.LoginWebApp" name="fnVerifyWebAppTitle" time="0.001"/>
</testsuite> <!-- TestOnPackageLevel -->
