<?xml version="1.0" encoding="UTF-8"?>
<!-- Generated by org.testng.reporters.JUnitXMLReporter -->
<testsuite ignored="6" hostname="LAP-TZ-0X82240" failures="0" tests="3" name="Test" time="0.062" errors="0" timestamp="2024-04-06T18:26:13 IST">
  <testcase classname="TestNgPackage.LoginMobileApp" name="fnVerifyMobileAppTitle" time="0.009"/>
  <testcase classname="TestNgPackage.LoginDesktopApp" name="fnVerifyDesktopAppTitle" time="0.001"/>
  <testcase classname="TestNgPackage.LoginWebApp" name="fnVerifyWebAppTitle" time="0.002"/>
  <testcase classname="TestNgPackage.LoginWebApp" name="fnVerifyWebAppLoginBtn" time="0.0">
    <ignored/>
  </testcase> <!-- fnVerifyWebAppLoginBtn -->
  <testcase classname="TestNgPackage.LoginMobileApp" name="fnVerifyMobileAppName" time="0.0">
    <ignored/>
  </testcase> <!-- fnVerifyMobileAppName -->
  <testcase classname="TestNgPackage.LoginDesktopApp" name="fnVerifyWebAppName" time="0.0">
    <ignored/>
  </testcase> <!-- fnVerifyWebAppName -->
  <testcase classname="TestNgPackage.LoginMobileApp" name="fnVerifyMobileAppLoginBtn" time="0.0">
    <ignored/>
  </testcase> <!-- fnVerifyMobileAppLoginBtn -->
  <testcase classname="TestNgPackage.LoginDesktopApp" name="fnVerifyWebAppLoginBtn" time="0.0">
    <ignored/>
  </testcase> <!-- fnVerifyWebAppLoginBtn -->
  <testcase classname="TestNgPackage.LoginWebApp" name="fnVerifyWebAppName" time="0.0">
    <ignored/>
  </testcase> <!-- fnVerifyWebAppName -->
</testsuite> <!-- Test -->
