<?xml version="1.0" encoding="UTF-8"?>
<!-- Generated by org.testng.reporters.JUnitXMLReporter -->
<testsuite ignored="5" hostname="LAP-TZ-0X82240" failures="0" tests="1" name="Test" time="0.073" errors="0" timestamp="2023-08-26T21:45:04 IST">
  <testcase classname="programs.streamsBasics" name="printNamesStartsWithAJavaStreamsFilter" time="0.012"/>
  <testcase classname="programs.streamsBasics" name="countNameStartsWithAJavaStreamsFilter1" time="0.0">
    <ignored/>
  </testcase> <!-- countNameStartsWithAJavaStreamsFilter1 -->
  <testcase classname="programs.streamsBasics" name="countNameStartsWithARegularWay" time="0.0">
    <ignored/>
  </testcase> <!-- countNameStartsWithARegularWay -->
  <testcase classname="programs.streamsBasics" name="findDuplicateCharsIntoString" time="0.0">
    <ignored/>
  </testcase> <!-- findDuplicateCharsIntoString -->
  <testcase classname="programs.streamsBasics" name="countNameStartsWithAJavaStreamsFilter" time="0.0">
    <ignored/>
  </testcase> <!-- countNameStartsWithAJavaStreamsFilter -->
  <testcase classname="programs.streamsBasics" name="printNamesWithLengthGreaterThanFourWithJavaStreamsFilter" time="0.0">
    <ignored/>
  </testcase> <!-- printNamesWithLengthGreaterThanFourWithJavaStreamsFilter -->
</testsuite> <!-- Test -->
