<?xml version="1.0" encoding="UTF-8"?>
<testng-results ignored="0" total="1" passed="1" failed="0" skipped="0">
  <reporter-output>
  </reporter-output>
  <suite started-at="2024-11-14T18:40:11 IST" name="Default suite" finished-at="2024-11-14T18:40:19 IST" duration-ms="7769">
    <groups>
    </groups>
    <test started-at="2024-11-14T18:40:11 IST" name="Default test" finished-at="2024-11-14T18:40:19 IST" duration-ms="7769">
      <class name="ExtentReportPackage.ExtentReportTest">
        <test-method is-config="true" signature="config()[pri:0, instance:ExtentReportPackage.ExtentReportTest@1f97cf0d]" started-at="2024-11-14T18:40:11 IST" name="config" finished-at="2024-11-14T18:40:11 IST" duration-ms="250" status="PASS">
          <reporter-output>
          </reporter-output>
        </test-method> <!-- config -->
        <test-method signature="extentReport()[pri:0, instance:ExtentReportPackage.ExtentReportTest@1f97cf0d]" started-at="2024-11-14T18:40:11 IST" name="extentReport" finished-at="2024-11-14T18:40:19 IST" duration-ms="7488" status="PASS">
          <reporter-output>
          </reporter-output>
        </test-method> <!-- extentReport -->
      </class> <!-- ExtentReportPackage.ExtentReportTest -->
    </test> <!-- Default test -->
  </suite> <!-- Default suite -->
</testng-results>
